(07216) 08/30/2022 20:14:15.440 Dtool> Info: [TmDlpeInstallAgent] ====== Start to install DLP ====== @pasdk.cpp(2046)
(07216) 08/30/2022 20:14:15.440 Dtool> Info: [TrustCertMgr::TrustCertMgr] _isMultipleSignSupport = <1>. @trustcertmgr.cpp(83)
(07216) 08/30/2022 20:14:15.440 Dtool> Info: [TrustCertMgr::CheckDLPBinaryIssuerForOneFile] Check file [C:\Program Files (x86)\Trend Micro\Security Agent\dlplite\System32\\dgagent\win32\apihookstub.x86.dll], Version[6.2.0.5001]  @c:\source\dlp\dlpe-sdk\common\src\cpp\dgbasic\src\trustcertmgr.cpp(598)
(07216) 08/30/2022 20:14:15.458 Dtool> Info: [TrustCertMgr::CheckDLPBinaryIssuerForOneFile] Check file [C:\Program Files (x86)\Trend Micro\Security Agent\dlplite\System32\\dgagent\win32\dlpexaddin.x86.dll], Version[6.2.0.5146]  @c:\source\dlp\dlpe-sdk\common\src\cpp\dgbasic\src\trustcertmgr.cpp(598)
(07216) 08/30/2022 20:14:15.469 Dtool> Info: [TrustCertMgr::CheckDLPBinaryIssuerForOneFile] Check file [C:\Program Files (x86)\Trend Micro\Security Agent\dlplite\System32\\dgagent\win32\dlphook.x86.dll], Version[6.2.0.5136]  @c:\source\dlp\dlpe-sdk\common\src\cpp\dgbasic\src\trustcertmgr.cpp(598)
(07216) 08/30/2022 20:14:15.483 Dtool> Info: [TrustCertMgr::CheckDLPBinaryIssuerForOneFile] Check file [C:\Program Files (x86)\Trend Micro\Security Agent\dlplite\System32\\dgagent\win32\dlp_utils.dll], Version[6.2.0.5001]  @c:\source\dlp\dlpe-sdk\common\src\cpp\dgbasic\src\trustcertmgr.cpp(598)
(07216) 08/30/2022 20:14:15.498 Dtool> Info: [TrustCertMgr::CheckDLPBinaryIssuerForOneFile] Check file [C:\Program Files (x86)\Trend Micro\Security Agent\dlplite\System32\\dgagent\win32\immessagehook.dll], Version[6.2.0.5095]  @c:\source\dlp\dlpe-sdk\common\src\cpp\dgbasic\src\trustcertmgr.cpp(598)
(07216) 08/30/2022 20:14:15.504 Dtool> Info: [TrustCertMgr::CheckDLPBinaryIssuerForOneFile] Check file [C:\Program Files (x86)\Trend Micro\Security Agent\dlplite\System32\\dgagent\win32\nmem.dll], Version[6.2.0.5001]  @c:\source\dlp\dlpe-sdk\common\src\cpp\dgbasic\src\trustcertmgr.cpp(598)
(07216) 08/30/2022 20:14:15.522 Dtool> Info: [TrustCertMgr::CheckDLPBinaryIssuerForOneFile] Check file [C:\Program Files (x86)\Trend Micro\Security Agent\dlplite\System32\\dgagent\x64\7z.dll], Version[18.5.0.0]  @c:\source\dlp\dlpe-sdk\common\src\cpp\dgbasic\src\trustcertmgr.cpp(598)
(07216) 08/30/2022 20:14:15.546 Dtool> Info: [TrustCertMgr::CheckDLPBinaryIssuerForOneFile] Check file [C:\Program Files (x86)\Trend Micro\Security Agent\dlplite\System32\\dgagent\x64\7z.exe], Version[18.5.0.0]  @c:\source\dlp\dlpe-sdk\common\src\cpp\dgbasic\src\trustcertmgr.cpp(598)
(07216) 08/30/2022 20:14:15.565 Dtool> Info: [TrustCertMgr::CheckDLPBinaryIssuerForOneFile] Check file [C:\Program Files (x86)\Trend Micro\Security Agent\dlplite\System32\\dgagent\x64\apihookstub.x64.dll], Version[6.2.0.5001]  @c:\source\dlp\dlpe-sdk\common\src\cpp\dgbasic\src\trustcertmgr.cpp(598)
(07216) 08/30/2022 20:14:15.580 Dtool> Info: [TrustCertMgr::CheckDLPBinaryIssuerForOneFile] Check file [C:\Program Files (x86)\Trend Micro\Security Agent\dlplite\System32\\dgagent\x64\archive_7z.dll], Version[6.2.0.5115]  @c:\source\dlp\dlpe-sdk\common\src\cpp\dgbasic\src\trustcertmgr.cpp(598)
(07216) 08/30/2022 20:14:15.586 Dtool> Info: [TrustCertMgr::CheckDLPBinaryIssuerForOneFile] Check file [C:\Program Files (x86)\Trend Micro\Security Agent\dlplite\System32\\dgagent\x64\archive_vsapi.dll], Version[6.2.0.5115]  @c:\source\dlp\dlpe-sdk\common\src\cpp\dgbasic\src\trustcertmgr.cpp(598)
(07216) 08/30/2022 20:14:15.592 Dtool> Info: [TrustCertMgr::CheckDLPBinaryIssuerForOneFile] Check file [C:\Program Files (x86)\Trend Micro\Security Agent\dlplite\System32\\dgagent\x64\cme_vxe_dll.dll], Version[6.2.0.5146]  @c:\source\dlp\dlpe-sdk\common\src\cpp\dgbasic\src\trustcertmgr.cpp(598)
(07216) 08/30/2022 20:14:15.600 Dtool> Info: [TrustCertMgr::CheckDLPBinaryIssuerForOneFile] Check file [C:\Program Files (x86)\Trend Micro\Security Agent\dlplite\System32\\dgagent\x64\datadiscovery.exe], Version[6.2.0.5146]  @c:\source\dlp\dlpe-sdk\common\src\cpp\dgbasic\src\trustcertmgr.cpp(598)
(07216) 08/30/2022 20:14:15.623 Dtool> Info: [TrustCertMgr::CheckDLPBinaryIssuerForOneFile] Check file [C:\Program Files (x86)\Trend Micro\Security Agent\dlplite\System32\\dgagent\x64\dbghelp.dll], Version[6.11.1.404]  @c:\source\dlp\dlpe-sdk\common\src\cpp\dgbasic\src\trustcertmgr.cpp(598)
(07216) 08/30/2022 20:14:15.646 Dtool> Info: [TrustCertMgr::CheckDLPBinaryIssuerForOneFile] Check file [C:\Program Files (x86)\Trend Micro\Security Agent\dlplite\System32\\dgagent\x64\dlpconverter_dt.dll], Version[6.2.0.5115]  @c:\source\dlp\dlpe-sdk\common\src\cpp\dgbasic\src\trustcertmgr.cpp(598)
(07216) 08/30/2022 20:14:15.652 Dtool> Info: [TrustCertMgr::CheckDLPBinaryIssuerForOneFile] Check file [C:\Program Files (x86)\Trend Micro\Security Agent\dlplite\System32\\dgagent\x64\dlpdrvif.dll], Version[6.2.0.5146]  @c:\source\dlp\dlpe-sdk\common\src\cpp\dgbasic\src\trustcertmgr.cpp(598)
(07216) 08/30/2022 20:14:15.661 Dtool> Info: [TrustCertMgr::CheckDLPBinaryIssuerForOneFile] Check file [C:\Program Files (x86)\Trend Micro\Security Agent\dlplite\System32\\dgagent\x64\dlpexaddin.x64.dll], Version[6.2.0.5146]  @c:\source\dlp\dlpe-sdk\common\src\cpp\dgbasic\src\trustcertmgr.cpp(598)
(07216) 08/30/2022 20:14:15.673 Dtool> Info: [TrustCertMgr::CheckDLPBinaryIssuerForOneFile] Check file [C:\Program Files (x86)\Trend Micro\Security Agent\dlplite\System32\\dgagent\x64\dlphook.x64.dll], Version[6.2.0.5136]  @c:\source\dlp\dlpe-sdk\common\src\cpp\dgbasic\src\trustcertmgr.cpp(598)
(07216) 08/30/2022 20:14:15.688 Dtool> Info: [TrustCertMgr::CheckDLPBinaryIssuerForOneFile] Check file [C:\Program Files (x86)\Trend Micro\Security Agent\dlplite\System32\\dgagent\x64\dlpwpdfltr\dlpwpdfltr.sys], Version[6.2.0.5143]  @c:\source\dlp\dlpe-sdk\common\src\cpp\dgbasic\src\trustcertmgr.cpp(598)
(07216) 08/30/2022 20:14:15.708 Dtool> Info: [TrustCertMgr::CheckDLPBinaryIssuerForOneFile] Check file [C:\Program Files (x86)\Trend Micro\Security Agent\dlplite\System32\\dgagent\x64\dlpwpdfltr\wdfredist\kmdf-1.9\microsoft kernel-mode driver framework install-v1.9-win2k-winxp-win2k3.exe], Version[6.3.15.0]  @c:\source\dlp\dlpe-sdk\common\src\cpp\dgbasic\src\trustcertmgr.cpp(598)
(07216) 08/30/2022 20:14:15.728 Dtool> Info: [TrustCertMgr::CheckDLPBinaryIssuerForOneFile] Check file [C:\Program Files (x86)\Trend Micro\Security Agent\dlplite\System32\\dgagent\x64\dlpwpdfltr\wdfredist\umdf-1.9\microsoft user-mode driver framework install-v1.9-winxp-srv03.exe], Version[6.3.15.0]  @c:\source\dlp\dlpe-sdk\common\src\cpp\dgbasic\src\trustcertmgr.cpp(598)
(07216) 08/30/2022 20:14:15.750 Dtool> Info: [TrustCertMgr::CheckDLPBinaryIssuerForOneFile] Check file [C:\Program Files (x86)\Trend Micro\Security Agent\dlplite\System32\\dgagent\x64\dlpwpdfltr\wdfredist\usbcoinstaller2\winusb.exe], Version[6.3.15.0]  @c:\source\dlp\dlpe-sdk\common\src\cpp\dgbasic\src\trustcertmgr.cpp(598)
(07216) 08/30/2022 20:14:15.771 Dtool> Info: [TrustCertMgr::CheckDLPBinaryIssuerForOneFile] Check file [C:\Program Files (x86)\Trend Micro\Security Agent\dlplite\System32\\dgagent\x64\dlp_telemetry.dll], Version[6.2.0.5001]  @c:\source\dlp\dlpe-sdk\common\src\cpp\dgbasic\src\trustcertmgr.cpp(598)
(07216) 08/30/2022 20:14:15.787 Dtool> Info: [TrustCertMgr::CheckDLPBinaryIssuerForOneFile] Check file [C:\Program Files (x86)\Trend Micro\Security Agent\dlplite\System32\\dgagent\x64\dlp_utils.dll], Version[6.2.0.5095]  @c:\source\dlp\dlpe-sdk\common\src\cpp\dgbasic\src\trustcertmgr.cpp(598)
(07216) 08/30/2022 20:14:15.792 Dtool> Info: [TrustCertMgr::CheckDLPBinaryIssuerForOneFile] Check file [C:\Program Files (x86)\Trend Micro\Security Agent\dlplite\System32\\dgagent\x64\dsagent.exe], Version[6.2.0.5146]  @c:\source\dlp\dlpe-sdk\common\src\cpp\dgbasic\src\trustcertmgr.cpp(598)
(07216) 08/30/2022 20:14:15.835 Dtool> Info: [TrustCertMgr::CheckDLPBinaryIssuerForOneFile] Check file [C:\Program Files (x86)\Trend Micro\Security Agent\dlplite\System32\\dgagent\x64\dtengine64.dll], Version[7.95.8633.1]  @c:\source\dlp\dlpe-sdk\common\src\cpp\dgbasic\src\trustcertmgr.cpp(598)
(07216) 08/30/2022 20:14:15.902 Dtool> Info: [TrustCertMgr::CheckDLPBinaryIssuerForOneFile] Check file [C:\Program Files (x86)\Trend Micro\Security Agent\dlplite\System32\\dgagent\x64\dtoop.exe], Version[6.2.0.5146]  @c:\source\dlp\dlpe-sdk\common\src\cpp\dgbasic\src\trustcertmgr.cpp(598)
(07216) 08/30/2022 20:14:15.910 Dtool> Info: [TrustCertMgr::CheckDLPBinaryIssuerForOneFile] Check file [C:\Program Files (x86)\Trend Micro\Security Agent\dlplite\System32\\dgagent\x64\feapi.dll], Version[6.0.0.3030]  @c:\source\dlp\dlpe-sdk\common\src\cpp\dgbasic\src\trustcertmgr.cpp(598)
(07216) 08/30/2022 20:14:15.926 Dtool> Info: [TrustCertMgr::CheckDLPBinaryIssuerForOneFile] Check file [C:\Program Files (x86)\Trend Micro\Security Agent\dlplite\System32\\dgagent\x64\fecmd.exe], Version[6.0.0.3030]  @c:\source\dlp\dlpe-sdk\common\src\cpp\dgbasic\src\trustcertmgr.cpp(598)
(07216) 08/30/2022 20:14:15.941 Dtool> Info: [TrustCertMgr::CheckDLPBinaryIssuerForOneFile] Check file [C:\Program Files (x86)\Trend Micro\Security Agent\dlplite\System32\\dgagent\x64\icudt68.dll], Version[68.2.0.0]  @c:\source\dlp\dlpe-sdk\common\src\cpp\dgbasic\src\trustcertmgr.cpp(598)
(07216) 08/30/2022 20:14:16.061 Dtool> Info: [TrustCertMgr::CheckDLPBinaryIssuerForOneFile] Check file [C:\Program Files (x86)\Trend Micro\Security Agent\dlplite\System32\\dgagent\x64\icuin68.dll], Version[68.2.0.0]  @c:\source\dlp\dlpe-sdk\common\src\cpp\dgbasic\src\trustcertmgr.cpp(598)
(07216) 08/30/2022 20:14:16.082 Dtool> Info: [TrustCertMgr::CheckDLPBinaryIssuerForOneFile] Check file [C:\Program Files (x86)\Trend Micro\Security Agent\dlplite\System32\\dgagent\x64\icuuc68.dll], Version[68.2.0.0]  @c:\source\dlp\dlpe-sdk\common\src\cpp\dgbasic\src\trustcertmgr.cpp(598)
(07216) 08/30/2022 20:14:16.098 Dtool> Info: [TrustCertMgr::CheckDLPBinaryIssuerForOneFile] Check file [C:\Program Files (x86)\Trend Micro\Security Agent\dlplite\System32\\dgagent\x64\immessagehook.dll], Version[6.2.0.5095]  @c:\source\dlp\dlpe-sdk\common\src\cpp\dgbasic\src\trustcertmgr.cpp(598)
(07216) 08/30/2022 20:14:16.104 Dtool> Info: [TrustCertMgr::CheckDLPBinaryIssuerForOneFile] Check file [C:\Program Files (x86)\Trend Micro\Security Agent\dlplite\System32\\dgagent\x64\inetftpparser.dll], Version[6.2.0.5146]  @c:\source\dlp\dlpe-sdk\common\src\cpp\dgbasic\src\trustcertmgr.cpp(598)
(07216) 08/30/2022 20:14:16.115 Dtool> Info: [TrustCertMgr::CheckDLPBinaryIssuerForOneFile] Check file [C:\Program Files (x86)\Trend Micro\Security Agent\dlplite\System32\\dgagent\x64\inethttpparser.dll], Version[6.2.0.5146]  @c:\source\dlp\dlpe-sdk\common\src\cpp\dgbasic\src\trustcertmgr.cpp(598)
(07216) 08/30/2022 20:14:16.129 Dtool> Info: [TrustCertMgr::CheckDLPBinaryIssuerForOneFile] Check file [C:\Program Files (x86)\Trend Micro\Security Agent\dlplite\System32\\dgagent\x64\inetrapiparser.dll], Version[6.2.0.5146]  @c:\source\dlp\dlpe-sdk\common\src\cpp\dgbasic\src\trustcertmgr.cpp(598)
(07216) 08/30/2022 20:14:16.139 Dtool> Info: [TrustCertMgr::CheckDLPBinaryIssuerForOneFile] Check file [C:\Program Files (x86)\Trend Micro\Security Agent\dlplite\System32\\dgagent\x64\inetsmtpparser.dll], Version[6.2.0.5146]  @c:\source\dlp\dlpe-sdk\common\src\cpp\dgbasic\src\trustcertmgr.cpp(598)
(07216) 08/30/2022 20:14:16.151 Dtool> Info: [TrustCertMgr::CheckDLPBinaryIssuerForOneFile] Check file [C:\Program Files (x86)\Trend Micro\Security Agent\dlplite\System32\\dgagent\x64\inetsyncfile.dll], Version[6.2.0.5146]  @c:\source\dlp\dlpe-sdk\common\src\cpp\dgbasic\src\trustcertmgr.cpp(598)
(07216) 08/30/2022 20:14:16.162 Dtool> Info: [TrustCertMgr::CheckDLPBinaryIssuerForOneFile] Check file [C:\Program Files (x86)\Trend Micro\Security Agent\dlplite\System32\\dgagent\x64\listdeviceinfo.exe], Version[6.2.0.5130]  @c:\source\dlp\dlpe-sdk\common\src\cpp\dgbasic\src\trustcertmgr.cpp(598)
(07216) 08/30/2022 20:14:16.175 Dtool> Info: [TrustCertMgr::CheckDLPBinaryIssuerForOneFile] Check file [C:\Program Files (x86)\Trend Micro\Security Agent\dlplite\System32\\dgagent\x64\msvcp140.dll], Version[14.27.29112.0]  @c:\source\dlp\dlpe-sdk\common\src\cpp\dgbasic\src\trustcertmgr.cpp(598)
(07216) 08/30/2022 20:14:16.192 Dtool> Info: [TrustCertMgr::CheckDLPBinaryIssuerForOneFile] Check file [C:\Program Files (x86)\Trend Micro\Security Agent\dlplite\System32\\dgagent\x64\removeworkingdirectory.exe], Version[6.2.0.5001]  @c:\source\dlp\dlpe-sdk\common\src\cpp\dgbasic\src\trustcertmgr.cpp(598)
(07216) 08/30/2022 20:14:16.207 Dtool> Info: [TrustCertMgr::CheckDLPBinaryIssuerForOneFile] Check file [C:\Program Files (x86)\Trend Micro\Security Agent\dlplite\System32\\dgagent\x64\showmsg.exe], Version[6.2.0.5095]  @c:\source\dlp\dlpe-sdk\common\src\cpp\dgbasic\src\trustcertmgr.cpp(598)
(07216) 08/30/2022 20:14:16.223 Dtool> Info: [TrustCertMgr::CheckDLPBinaryIssuerForOneFile] Check file [C:\Program Files (x86)\Trend Micro\Security Agent\dlplite\System32\\dgagent\x64\tmdsmengine.dll], Version[6.2.0.5001]  @c:\source\dlp\dlpe-sdk\common\src\cpp\dgbasic\src\trustcertmgr.cpp(598)
(07216) 08/30/2022 20:14:16.237 Dtool> Info: [TrustCertMgr::CheckDLPBinaryIssuerForOneFile] Check file [C:\Program Files (x86)\Trend Micro\Security Agent\dlplite\System32\\dgagent\x64\upgradecleaner.exe], Version[6.2.0.5036]  @c:\source\dlp\dlpe-sdk\common\src\cpp\dgbasic\src\trustcertmgr.cpp(598)
(07216) 08/30/2022 20:14:16.245 Dtool> Info: [TrustCertMgr::CheckDLPBinaryIssuerForOneFile] Check file [C:\Program Files (x86)\Trend Micro\Security Agent\dlplite\System32\\dgagent\x64\vcruntime140.dll], Version[14.27.29112.0]  @c:\source\dlp\dlpe-sdk\common\src\cpp\dgbasic\src\trustcertmgr.cpp(598)
(07216) 08/30/2022 20:14:16.260 Dtool> Info: [TrustCertMgr::CheckDLPBinaryIssuerForOneFile] Check file [C:\Program Files (x86)\Trend Micro\Security Agent\dlplite\System32\\dgagent\x64\vcruntime140_1.dll], Version[14.27.29112.0]  @c:\source\dlp\dlpe-sdk\common\src\cpp\dgbasic\src\trustcertmgr.cpp(598)
(07216) 08/30/2022 20:14:16.274 Dtool> Info: [TrustCertMgr::CheckDLPBinaryIssuerForOneFile] Check file [C:\Program Files (x86)\Trend Micro\Security Agent\dlplite\System32\\drivers\dlpnetfltr.sys], Version[6.2.0.5143]  @c:\source\dlp\dlpe-sdk\common\src\cpp\dgbasic\src\trustcertmgr.cpp(598)
(07216) 08/30/2022 20:14:16.293 Dtool> Info: [TrustCertMgr::CheckDLPBinaryIssuerForOneFile] Check file [C:\Program Files (x86)\Trend Micro\Security Agent\dlplite\System32\\drivers\sakcd.sys], Version[6.2.0.5074]  @c:\source\dlp\dlpe-sdk\common\src\cpp\dgbasic\src\trustcertmgr.cpp(598)
(07216) 08/30/2022 20:14:16.308 Dtool> Info: [TrustCertMgr::CheckDLPBinaryIssuerForOneFile] Check file [C:\Program Files (x86)\Trend Micro\Security Agent\dlplite\System32\\drivers\sakfile.sys], Version[6.2.0.5133]  @c:\source\dlp\dlpe-sdk\common\src\cpp\dgbasic\src\trustcertmgr.cpp(598)
(07216) 08/30/2022 20:14:16.317 Dtool> Info: [TrustCertMgr::CheckDLPBinaryIssuerForOneFile] Check file [C:\Program Files (x86)\Trend Micro\Security Agent\dlplite\System32\\showmix.dll], Version[6.2.0.5001]  @c:\source\dlp\dlpe-sdk\common\src\cpp\dgbasic\src\trustcertmgr.cpp(598)
(07216) 08/30/2022 20:14:16.332 Dtool> Info: [TrustCertMgr::CheckDLPBinaryIssuerForOneFile] Check file [C:\Program Files (x86)\Trend Micro\Security Agent\dlplite\System32\\showmsg.exe], Version[6.2.0.5095]  @c:\source\dlp\dlpe-sdk\common\src\cpp\dgbasic\src\trustcertmgr.cpp(598)
(07216) 08/30/2022 20:14:16.348 Dtool> Info: dg_support_os> OS Info: Major<10> Minor<0> SP<0>
(07216) 08/30/2022 20:14:16.348 Dtool> Info: [dg_push_agent] --- install agent for device control --- @dtool.cpp(649)
(07216) 08/30/2022 20:14:16.348 Dtool> Info: DLP Endpoint was not installed before! Will not clear up!
(07216) 08/30/2022 20:14:16.348 Dtool> Err : UninstallExistingTMDLP DLPE-SDK is not installed
(07216) 08/30/2022 20:14:16.348 Dtool> Info: Remove [C:\WINDOWS\system32\Logger.cfg]
(07216) 08/30/2022 20:14:16.348 Dtool> Info: Installing 64bit agent.
(07216) 08/30/2022 20:14:16.348 Dtool> Info: 64-bit agent source directory: C:\Program Files (x86)\Trend Micro\Security Agent\dlplite\System32\dgagent\x64
(07216) 08/30/2022 20:14:16.348 Dtool> Info: 64-bit agent destination directory: C:\WINDOWS\system32\dgagent
(07216) 08/30/2022 20:14:16.348 Dtool> Info: 32-bit agent source directory: C:\Program Files (x86)\Trend Micro\Security Agent\dlplite\System32\dgagent\win32
(07216) 08/30/2022 20:14:16.348 Dtool> Info: 32-bit agent destination directory: C:\WINDOWS\SysWOW64\dgagent
(07216) 08/30/2022 20:14:16.355 Dtool> Info: Copy [C:\Program Files (x86)\Trend Micro\Security Agent\dlplite\System32\dgagent\x64\7z.dll] to [C:\WINDOWS\system32\dgagent\7z.dll]
(07216) 08/30/2022 20:14:16.356 Dtool> Info: Copy [C:\Program Files (x86)\Trend Micro\Security Agent\dlplite\System32\dgagent\x64\7z.exe] to [C:\WINDOWS\system32\dgagent\7z.exe]
(07216) 08/30/2022 20:14:16.357 Dtool> Info: Copy [C:\Program Files (x86)\Trend Micro\Security Agent\dlplite\System32\dgagent\x64\american-name.txt] to [C:\WINDOWS\system32\dgagent\american-name.txt]
(07216) 08/30/2022 20:14:16.358 Dtool> Info: Copy [C:\Program Files (x86)\Trend Micro\Security Agent\dlplite\System32\dgagent\x64\apihookstub.x64.dll] to [C:\WINDOWS\system32\dgagent\apihookstub.x64.dll]
(07216) 08/30/2022 20:14:16.358 Dtool> Info: Copy [C:\Program Files (x86)\Trend Micro\Security Agent\dlplite\System32\dgagent\x64\archive_7z.dll] to [C:\WINDOWS\system32\dgagent\archive_7z.dll]
(07216) 08/30/2022 20:14:16.359 Dtool> Info: Copy [C:\Program Files (x86)\Trend Micro\Security Agent\dlplite\System32\dgagent\x64\archive_vsapi.dll] to [C:\WINDOWS\system32\dgagent\archive_vsapi.dll]
(07216) 08/30/2022 20:14:16.360 Dtool> Info: Copy [C:\Program Files (x86)\Trend Micro\Security Agent\dlplite\System32\dgagent\x64\browser_pattern.xml] to [C:\WINDOWS\system32\dgagent\browser_pattern.xml]
(07216) 08/30/2022 20:14:16.361 Dtool> Info: Copy [C:\Program Files (x86)\Trend Micro\Security Agent\dlplite\System32\dgagent\x64\cme.conf] to [C:\WINDOWS\system32\dgagent\cme.conf]
(07216) 08/30/2022 20:14:16.361 Dtool> Info: Copy [C:\Program Files (x86)\Trend Micro\Security Agent\dlplite\System32\dgagent\x64\cme_vxe_dll.dll] to [C:\WINDOWS\system32\dgagent\cme_vxe_dll.dll]
(07216) 08/30/2022 20:14:16.362 Dtool> Info: Copy [C:\Program Files (x86)\Trend Micro\Security Agent\dlplite\System32\dgagent\x64\converter.pro] to [C:\WINDOWS\system32\dgagent\converter.pro]
(07216) 08/30/2022 20:14:16.362 Dtool> Info: Copy [C:\Program Files (x86)\Trend Micro\Security Agent\dlplite\System32\dgagent\x64\customdlg.xml] to [C:\WINDOWS\system32\dgagent\customdlg.xml]
(07216) 08/30/2022 20:14:16.363 Dtool> Info: Copy [C:\Program Files (x86)\Trend Micro\Security Agent\dlplite\System32\dgagent\x64\datadiscovery.exe] to [C:\WINDOWS\system32\dgagent\datadiscovery.exe]
(07216) 08/30/2022 20:14:16.366 Dtool> Info: Copy [C:\Program Files (x86)\Trend Micro\Security Agent\dlplite\System32\dgagent\x64\dbghelp.dll] to [C:\WINDOWS\system32\dgagent\dbghelp.dll]
(07216) 08/30/2022 20:14:16.367 Dtool> Info: Copy [C:\Program Files (x86)\Trend Micro\Security Agent\dlplite\System32\dgagent\x64\discovery.cfg] to [C:\WINDOWS\system32\dgagent\discovery.cfg]
(07216) 08/30/2022 20:14:16.367 Dtool> Info: Copy [C:\Program Files (x86)\Trend Micro\Security Agent\dlplite\System32\dgagent\x64\discovery.pro] to [C:\WINDOWS\system32\dgagent\discovery.pro]
(07216) 08/30/2022 20:14:16.368 Dtool> Info: Copy [C:\Program Files (x86)\Trend Micro\Security Agent\dlplite\System32\dgagent\x64\dlpconverter_dt.dll] to [C:\WINDOWS\system32\dgagent\dlpconverter_dt.dll]
(07216) 08/30/2022 20:14:16.369 Dtool> Info: Copy [C:\Program Files (x86)\Trend Micro\Security Agent\dlplite\System32\dgagent\x64\dlpdrvif.dll] to [C:\WINDOWS\system32\dgagent\dlpdrvif.dll]
(07216) 08/30/2022 20:14:16.370 Dtool> Info: Copy [C:\Program Files (x86)\Trend Micro\Security Agent\dlplite\System32\dgagent\x64\dlpexaddin.x64.dll] to [C:\WINDOWS\system32\dgagent\dlpexaddin.x64.dll]
(07216) 08/30/2022 20:14:16.371 Dtool> Info: Copy [C:\Program Files (x86)\Trend Micro\Security Agent\dlplite\System32\dgagent\x64\dlphook.x64.dll] to [C:\WINDOWS\system32\dgagent\dlphook.x64.dll]
(07216) 08/30/2022 20:14:16.372 Dtool> Info: Copy [C:\Program Files (x86)\Trend Micro\Security Agent\dlplite\System32\dgagent\x64\dlpwpdfltr\dlpwpdfltr.cat] to [C:\WINDOWS\system32\dgagent\dlpwpdfltr\dlpwpdfltr.cat]
(07216) 08/30/2022 20:14:16.372 Dtool> Info: Copy [C:\Program Files (x86)\Trend Micro\Security Agent\dlplite\System32\dgagent\x64\dlpwpdfltr\dlpwpdfltr.inf] to [C:\WINDOWS\system32\dgagent\dlpwpdfltr\dlpwpdfltr.inf]
(07216) 08/30/2022 20:14:16.373 Dtool> Info: Copy [C:\Program Files (x86)\Trend Micro\Security Agent\dlplite\System32\dgagent\x64\dlpwpdfltr\dlpwpdfltr.sys] to [C:\WINDOWS\system32\dgagent\dlpwpdfltr\dlpwpdfltr.sys]
(07216) 08/30/2022 20:14:16.374 Dtool> Info: Copy [C:\Program Files (x86)\Trend Micro\Security Agent\dlplite\System32\dgagent\x64\dlpwpdfltr\wdfredist\kmdf-1.9\microsoft kernel-mode driver framework install-v1.9-vista.msu] to [C:\WINDOWS\system32\dgagent\dlpwpdfltr\wdfredist\kmdf-1.9\microsoft kernel-mode driver framework install-v1.9-vista.msu]
(07216) 08/30/2022 20:14:16.375 Dtool> Info: Copy [C:\Program Files (x86)\Trend Micro\Security Agent\dlplite\System32\dgagent\x64\dlpwpdfltr\wdfredist\kmdf-1.9\microsoft kernel-mode driver framework install-v1.9-win2k-winxp-win2k3.exe] to [C:\WINDOWS\system32\dgagent\dlpwpdfltr\wdfredist\kmdf-1.9\microsoft kernel-mode driver framework install-v1.9-win2k-winxp-win2k3.exe]
(07216) 08/30/2022 20:14:16.376 Dtool> Info: Copy [C:\Program Files (x86)\Trend Micro\Security Agent\dlplite\System32\dgagent\x64\dlpwpdfltr\wdfredist\umdf-1.9\microsoft user-mode driver framework install-v1.9-vista.msu] to [C:\WINDOWS\system32\dgagent\dlpwpdfltr\wdfredist\umdf-1.9\microsoft user-mode driver framework install-v1.9-vista.msu]
(07216) 08/30/2022 20:14:16.377 Dtool> Info: Copy [C:\Program Files (x86)\Trend Micro\Security Agent\dlplite\System32\dgagent\x64\dlpwpdfltr\wdfredist\umdf-1.9\microsoft user-mode driver framework install-v1.9-winxp-srv03.exe] to [C:\WINDOWS\system32\dgagent\dlpwpdfltr\wdfredist\umdf-1.9\microsoft user-mode driver framework install-v1.9-winxp-srv03.exe]
(07216) 08/30/2022 20:14:16.378 Dtool> Info: Copy [C:\Program Files (x86)\Trend Micro\Security Agent\dlplite\System32\dgagent\x64\dlpwpdfltr\wdfredist\usbcoinstaller2\winusb.exe] to [C:\WINDOWS\system32\dgagent\dlpwpdfltr\wdfredist\usbcoinstaller2\winusb.exe]
(07216) 08/30/2022 20:14:16.378 Dtool> Info: Copy [C:\Program Files (x86)\Trend Micro\Security Agent\dlplite\System32\dgagent\x64\dlpwpdfltr\wdfredist\usbcoinstaller2\winusb_1.9.msu] to [C:\WINDOWS\system32\dgagent\dlpwpdfltr\wdfredist\usbcoinstaller2\winusb_1.9.msu]
(07216) 08/30/2022 20:14:16.379 Dtool> Info: Copy [C:\Program Files (x86)\Trend Micro\Security Agent\dlplite\System32\dgagent\x64\dlp_telemetry.dll] to [C:\WINDOWS\system32\dgagent\dlp_telemetry.dll]
(07216) 08/30/2022 20:14:16.380 Dtool> Info: Copy [C:\Program Files (x86)\Trend Micro\Security Agent\dlplite\System32\dgagent\x64\dlp_utils.dll] to [C:\WINDOWS\system32\dgagent\dlp_utils.dll]
(07216) 08/30/2022 20:14:16.380 Dtool> Info: Copy [C:\Program Files (x86)\Trend Micro\Security Agent\dlplite\System32\dgagent\x64\dsa.cfg] to [C:\WINDOWS\system32\dgagent\dsa.cfg]
(07216) 08/30/2022 20:14:16.381 Dtool> Info: Copy [C:\Program Files (x86)\Trend Micro\Security Agent\dlplite\System32\dgagent\x64\dsa.ctl] to [C:\WINDOWS\system32\dgagent\dsa.ctl]
(07216) 08/30/2022 20:14:16.381 Dtool> Info: Copy [C:\Program Files (x86)\Trend Micro\Security Agent\dlplite\System32\dgagent\x64\dsa.pol] to [C:\WINDOWS\system32\dgagent\dsa.pol]
(07216) 08/30/2022 20:14:16.382 Dtool> Info: Copy [C:\Program Files (x86)\Trend Micro\Security Agent\dlplite\System32\dgagent\x64\dsa.pro] to [C:\WINDOWS\system32\dgagent\dsa.pro]
(07216) 08/30/2022 20:14:16.382 Dtool> Info: Copy [C:\Program Files (x86)\Trend Micro\Security Agent\dlplite\System32\dgagent\x64\dsagent.exe] to [C:\WINDOWS\system32\dgagent\dsagent.exe]
(07216) 08/30/2022 20:14:16.389 Dtool> Info: Copy [C:\Program Files (x86)\Trend Micro\Security Agent\dlplite\System32\dgagent\x64\dsa_setting_default.xml] to [C:\WINDOWS\system32\dgagent\dsa_setting_default.xml]
(07216) 08/30/2022 20:14:16.389 Dtool> Info: Copy [C:\Program Files (x86)\Trend Micro\Security Agent\dlplite\System32\dgagent\x64\dtengine64.dll] to [C:\WINDOWS\system32\dgagent\dtengine64.dll]
(07216) 08/30/2022 20:14:16.394 Dtool> Info: Copy [C:\Program Files (x86)\Trend Micro\Security Agent\dlplite\System32\dgagent\x64\dtoop.exe] to [C:\WINDOWS\system32\dgagent\dtoop.exe]
(07216) 08/30/2022 20:14:16.394 Dtool> Info: Copy [C:\Program Files (x86)\Trend Micro\Security Agent\dlplite\System32\dgagent\x64\etyv] to [C:\WINDOWS\system32\dgagent\etyv]
(07216) 08/30/2022 20:14:16.395 Dtool> Info: Copy [C:\Program Files (x86)\Trend Micro\Security Agent\dlplite\System32\dgagent\x64\feapi.dll] to [C:\WINDOWS\system32\dgagent\feapi.dll]
(07216) 08/30/2022 20:14:16.396 Dtool> Info: Copy [C:\Program Files (x86)\Trend Micro\Security Agent\dlplite\System32\dgagent\x64\fecmd.exe] to [C:\WINDOWS\system32\dgagent\fecmd.exe]
(07216) 08/30/2022 20:14:16.397 Dtool> Info: Copy [C:\Program Files (x86)\Trend Micro\Security Agent\dlplite\System32\dgagent\x64\icudt68.dll] to [C:\WINDOWS\system32\dgagent\icudt68.dll]
(07216) 08/30/2022 20:14:16.408 Dtool> Info: Copy [C:\Program Files (x86)\Trend Micro\Security Agent\dlplite\System32\dgagent\x64\icuin68.dll] to [C:\WINDOWS\system32\dgagent\icuin68.dll]
(07216) 08/30/2022 20:14:16.410 Dtool> Info: Copy [C:\Program Files (x86)\Trend Micro\Security Agent\dlplite\System32\dgagent\x64\icuuc68.dll] to [C:\WINDOWS\system32\dgagent\icuuc68.dll]
(07216) 08/30/2022 20:14:16.412 Dtool> Info: Copy [C:\Program Files (x86)\Trend Micro\Security Agent\dlplite\System32\dgagent\x64\immessagehook.dll] to [C:\WINDOWS\system32\dgagent\immessagehook.dll]
(07216) 08/30/2022 20:14:16.413 Dtool> Info: Copy [C:\Program Files (x86)\Trend Micro\Security Agent\dlplite\System32\dgagent\x64\inetftpparser.dll] to [C:\WINDOWS\system32\dgagent\inetftpparser.dll]
(07216) 08/30/2022 20:14:16.413 Dtool> Info: Copy [C:\Program Files (x86)\Trend Micro\Security Agent\dlplite\System32\dgagent\x64\inethttpparser.dll] to [C:\WINDOWS\system32\dgagent\inethttpparser.dll]
(07216) 08/30/2022 20:14:16.415 Dtool> Info: Copy [C:\Program Files (x86)\Trend Micro\Security Agent\dlplite\System32\dgagent\x64\inetrapiparser.dll] to [C:\WINDOWS\system32\dgagent\inetrapiparser.dll]
(07216) 08/30/2022 20:14:16.416 Dtool> Info: Copy [C:\Program Files (x86)\Trend Micro\Security Agent\dlplite\System32\dgagent\x64\inetsmtpparser.dll] to [C:\WINDOWS\system32\dgagent\inetsmtpparser.dll]
(07216) 08/30/2022 20:14:16.417 Dtool> Info: Copy [C:\Program Files (x86)\Trend Micro\Security Agent\dlplite\System32\dgagent\x64\inetsyncfile.dll] to [C:\WINDOWS\system32\dgagent\inetsyncfile.dll]
(07216) 08/30/2022 20:14:16.418 Dtool> Info: Copy [C:\Program Files (x86)\Trend Micro\Security Agent\dlplite\System32\dgagent\x64\listdeviceinfo.conf.ini] to [C:\WINDOWS\system32\dgagent\listdeviceinfo.conf.ini]
(07216) 08/30/2022 20:14:16.418 Dtool> Info: Copy [C:\Program Files (x86)\Trend Micro\Security Agent\dlplite\System32\dgagent\x64\listdeviceinfo.exe] to [C:\WINDOWS\system32\dgagent\listdeviceinfo.exe]
(07216) 08/30/2022 20:14:16.420 Dtool> Info: Copy [C:\Program Files (x86)\Trend Micro\Security Agent\dlplite\System32\dgagent\x64\msvcp140.dll] to [C:\WINDOWS\system32\dgagent\msvcp140.dll]
(07216) 08/30/2022 20:14:16.421 Dtool> Info: Copy [C:\Program Files (x86)\Trend Micro\Security Agent\dlplite\System32\dgagent\x64\removeworkingdirectory.exe] to [C:\WINDOWS\system32\dgagent\removeworkingdirectory.exe]
(07216) 08/30/2022 20:14:16.422 Dtool> Info: Copy [C:\Program Files (x86)\Trend Micro\Security Agent\dlplite\System32\dgagent\x64\showmix.xml] to [C:\WINDOWS\system32\dgagent\showmix.xml]
(07216) 08/30/2022 20:14:16.422 Dtool> Info: Copy [C:\Program Files (x86)\Trend Micro\Security Agent\dlplite\System32\dgagent\x64\showmsg.exe] to [C:\WINDOWS\system32\dgagent\showmsg.exe]
(07216) 08/30/2022 20:14:16.424 Dtool> Info: Copy [C:\Program Files (x86)\Trend Micro\Security Agent\dlplite\System32\dgagent\x64\spanish-name.txt] to [C:\WINDOWS\system32\dgagent\spanish-name.txt]
(07216) 08/30/2022 20:14:16.425 Dtool> Info: Copy [C:\Program Files (x86)\Trend Micro\Security Agent\dlplite\System32\dgagent\x64\tmdlpe.ptn] to [C:\WINDOWS\system32\dgagent\tmdlpe.ptn]
(07216) 08/30/2022 20:14:16.425 Dtool> Info: Copy [C:\Program Files (x86)\Trend Micro\Security Agent\dlplite\System32\dgagent\x64\tmdsmengine.dll] to [C:\WINDOWS\system32\dgagent\tmdsmengine.dll]
(07216) 08/30/2022 20:14:16.426 Dtool> Info: Copy [C:\Program Files (x86)\Trend Micro\Security Agent\dlplite\System32\dgagent\x64\tmpeenum.xml] to [C:\WINDOWS\system32\dgagent\tmpeenum.xml]
(07216) 08/30/2022 20:14:16.426 Dtool> Info: Copy [C:\Program Files (x86)\Trend Micro\Security Agent\dlplite\System32\dgagent\x64\upgradecleaner.exe] to [C:\WINDOWS\system32\dgagent\upgradecleaner.exe]
(07216) 08/30/2022 20:14:16.427 Dtool> Info: Copy [C:\Program Files (x86)\Trend Micro\Security Agent\dlplite\System32\dgagent\x64\vcruntime140.dll] to [C:\WINDOWS\system32\dgagent\vcruntime140.dll]
(07216) 08/30/2022 20:14:16.427 Dtool> Info: Copy [C:\Program Files (x86)\Trend Micro\Security Agent\dlplite\System32\dgagent\x64\vcruntime140_1.dll] to [C:\WINDOWS\system32\dgagent\vcruntime140_1.dll]
(07216) 08/30/2022 20:14:16.428 Dtool> Info: ==> CreateService(DSASvc,00000000)
(07216) 08/30/2022 20:14:16.429 Dtool> Info: Agent push success!
(07216) 08/30/2022 20:14:16.429 Dtool> Info: Copy [C:\Program Files (x86)\Trend Micro\Security Agent\dlplite\System32\dgagent\x64\RemoveWorkingDirectory.exe] to [C:\WINDOWS\system32\RemoveWorkingDirectory.exe]
(07216) 08/30/2022 20:14:16.430 Dtool> Info: Copy [C:\Program Files (x86)\Trend Micro\Security Agent\dlplite\System32\ShowMsg.exe] to [C:\WINDOWS\system32\ShowMsg.exe]
(07216) 08/30/2022 20:14:16.432 Dtool> Info: Copy [C:\Program Files (x86)\Trend Micro\Security Agent\dlplite\System32\ShowMsg.xml] to [C:\WINDOWS\system32\ShowMsg.xml]
(07216) 08/30/2022 20:14:16.433 Dtool> Info: Copy [C:\Program Files (x86)\Trend Micro\Security Agent\dlplite\System32\ShowMix.dll] to [C:\WINDOWS\SysWOW64\ShowMix.dll]
(07216) 08/30/2022 20:14:16.434 Dtool> Info: Copy [C:\Program Files (x86)\Trend Micro\Security Agent\dlplite\System32\dgagent\x64\ShowMix.xml] to [C:\WINDOWS\SysWOW64\ShowMix.xml]
(07216) 08/30/2022 20:14:16.435 Dtool> Info: Add OnlyDeviceCtrl configuration succeed!
(07216) 08/30/2022 20:14:16.435 Dtool> Info: Remove [C:\WINDOWS\system32\drivers\1330885.cab]
(07216) 08/30/2022 20:14:16.435 Dtool> Info: Remove [C:\WINDOWS\system32\drivers\dlpnetfltr.sys]
(07216) 08/30/2022 20:14:16.435 Dtool> Info: Remove [C:\WINDOWS\system32\drivers\sakcd.sys]
(07216) 08/30/2022 20:14:16.436 Dtool> Info: Remove [C:\WINDOWS\system32\drivers\sakfile.sys]
(07216) 08/30/2022 20:14:16.436 Dtool> Info: Copy [C:\Program Files (x86)\Trend Micro\Security Agent\dlplite\System32\drivers\1330885.cab] to [C:\WINDOWS\system32\drivers\1330885.cab]
(07216) 08/30/2022 20:14:16.436 Dtool> Info: Copy [C:\Program Files (x86)\Trend Micro\Security Agent\dlplite\System32\drivers\dlpnetfltr.sys] to [C:\WINDOWS\system32\drivers\dlpnetfltr.sys]
(07216) 08/30/2022 20:14:16.437 Dtool> Info: Copy [C:\Program Files (x86)\Trend Micro\Security Agent\dlplite\System32\drivers\sakcd.sys] to [C:\WINDOWS\system32\drivers\sakcd.sys]
(07216) 08/30/2022 20:14:16.438 Dtool> Info: Copy [C:\Program Files (x86)\Trend Micro\Security Agent\dlplite\System32\drivers\sakfile.sys] to [C:\WINDOWS\system32\drivers\sakfile.sys]
(07216) 08/30/2022 20:14:16.438 Dtool> Info: ==> CreateService(SAKFile,00000000)
(07216) 08/30/2022 20:14:16.440 Dtool> Info: startService> start SAKFile, do not check signature
(07216) 08/30/2022 20:14:16.462 Dtool> Info: Remove [C:\WINDOWS\system32\drivers\dlpnetfltr.sys]
(07216) 08/30/2022 20:14:16.462 Dtool> Info: Remove [C:\WINDOWS\system32\drivers\sakcd.sys]
(07216) 08/30/2022 20:14:16.462 Dtool> Info: Driver push success!
(07216) 08/30/2022 20:14:16.462 Dtool> Info: DtoolManipulateDriverForDAC success!!!!
(07216) 08/30/2022 20:14:16.462 Dtool> Info: dg_push_agent installed service
(07216) 08/30/2022 20:14:16.462 Dtool> Info: [TmDlpeInstallAgent] ====== Install success! (path=C:\Program Files (x86)\Trend Micro\Security Agent\dlplite\System32\) ====== @pasdk.cpp(2111)
(07216) 08/30/2022 20:14:16.463 Dtool> Info: [Reboot Copy] file : \??\C:\Program Files (x86)\Trend Micro\BM\cache\nfc.cache
(07216) 08/30/2022 20:14:16.463 Dtool> Info: [Reboot Copy] file : 
(07216) 08/30/2022 20:14:16.463 Dtool> Info: [Reboot Copy] file : 
(07216) 08/30/2022 20:14:16.496 Dtool> Info: Remove [C:\WINDOWS\system32\logger.cfg]
